{
  "RSpec": {
    "coverage": {
      "/home/ubuntu/workspace/hw5fall15/app/helpers/application_helper.rb": [
        1,
        null
      ],
      "/home/ubuntu/workspace/hw5fall15/app/helpers/movies_helper.rb": [
        1,
        null,
        1,
        0,
        null,
        null
      ],
      "/home/ubuntu/workspace/hw5fall15/app/controllers/movies_controller.rb": [
        1,
        null,
        1,
        0,
        null,
        null,
        1,
        0,
        0,
        null,
        null,
        null,
        1,
        0,
        0,
        null,
        0,
        null,
        0,
        null,
        0,
        0,
        null,
        0,
        0,
        null,
        null,
        0,
        0,
        0,
        0,
        null,
        0,
        null,
        null,
        1,
        null,
        null,
        null,
        1,
        0,
        0,
        0,
        null,
        null,
        1,
        0,
        null,
        null,
        1,
        0,
        0,
        0,
        0,
        null,
        null,
        1,
        0,
        0,
        0,
        0,
        null,
        null,
        1,
        null,
        7,
        null,
        null,
        7,
        2,
        2,
        null,
        5,
        null,
        null,
        5,
        2,
        2,
        null,
        null,
        null,
        null,
        1,
        0,
        0,
        null,
        0,
        0,
        0,
        null,
        0,
        null,
        0,
        null,
        null,
        null
      ],
      "/home/ubuntu/workspace/hw5fall15/app/controllers/application_controller.rb": [
        1,
        null,
        null,
        1,
        null,
        1,
        1,
        null,
        1,
        7,
        null,
        null
      ],
      "/home/ubuntu/workspace/hw5fall15/app/models/movie.rb": [
        1,
        1,
        0,
        null,
        null,
        1,
        2,
        2,
        null,
        2,
        0,
        null,
        null,
        2,
        null,
        2,
        20,
        20,
        20,
        20,
        20,
        20,
        null,
        null,
        2,
        null,
        null,
        1,
        0,
        0,
        null,
        0,
        0,
        0,
        0,
        0,
        0,
        null,
        0,
        null,
        null
      ]
    },
    "timestamp": 1445810072
  }
}
